The target system is: Generic -  - BCM2385
The host system is: Linux - 3.13.0-46-generic - x86_64
Compiling the C compiler identification source file "CMakeCCompilerId.c" succeeded.
Compiler: /usr/bin/arm-none-eabi-gcc 
Build flags: -nostartfiles
Id flags: 

The output was:
0
/usr/lib/gcc/arm-none-eabi/4.8.2/../../../arm-none-eabi/bin/ld: warning: cannot find entry symbol _start; defaulting to 0000000000008000


Compilation of the C compiler identification source "CMakeCCompilerId.c" produced "a.out"

The C compiler identification is GNU, found in "/home/tyler/RPi1/DCS-RPi/OS_C/Tutorial4/scripts/CMakeFiles/2.8.12.2/CompilerIdC/a.out"

Determining if the C compiler works passed with the following output:
Change Dir: /home/tyler/RPi1/DCS-RPi/OS_C/Tutorial4/scripts/CMakeFiles/CMakeTmp

Run Build Command:/usr/bin/make "cmTryCompileExec2531441799/fast"
/usr/bin/make -f CMakeFiles/cmTryCompileExec2531441799.dir/build.make CMakeFiles/cmTryCompileExec2531441799.dir/build
make[1]: Entering directory `/home/tyler/RPi1/DCS-RPi/OS_C/Tutorial4/scripts/CMakeFiles/CMakeTmp'
/usr/bin/cmake -E cmake_progress_report /home/tyler/RPi1/DCS-RPi/OS_C/Tutorial4/scripts/CMakeFiles/CMakeTmp/CMakeFiles 1
Building C object CMakeFiles/cmTryCompileExec2531441799.dir/testCCompiler.c.obj
/usr/bin/arm-none-eabi-gcc   -nostartfiles    -o CMakeFiles/cmTryCompileExec2531441799.dir/testCCompiler.c.obj   -c /home/tyler/RPi1/DCS-RPi/OS_C/Tutorial4/scripts/CMakeFiles/CMakeTmp/testCCompiler.c
Linking C executable cmTryCompileExec2531441799
/usr/bin/cmake -E cmake_link_script CMakeFiles/cmTryCompileExec2531441799.dir/link.txt --verbose=1
/usr/bin/arm-none-eabi-gcc  -nostartfiles     CMakeFiles/cmTryCompileExec2531441799.dir/testCCompiler.c.obj  -o cmTryCompileExec2531441799  
/usr/lib/gcc/arm-none-eabi/4.8.2/../../../arm-none-eabi/bin/ld: warning: cannot find entry symbol _start; defaulting to 0000000000008000
make[1]: Leaving directory `/home/tyler/RPi1/DCS-RPi/OS_C/Tutorial4/scripts/CMakeFiles/CMakeTmp'


Detecting C compiler ABI info compiled with the following output:
Change Dir: /home/tyler/RPi1/DCS-RPi/OS_C/Tutorial4/scripts/CMakeFiles/CMakeTmp

Run Build Command:/usr/bin/make "cmTryCompileExec3040666376/fast"
/usr/bin/make -f CMakeFiles/cmTryCompileExec3040666376.dir/build.make CMakeFiles/cmTryCompileExec3040666376.dir/build
make[1]: Entering directory `/home/tyler/RPi1/DCS-RPi/OS_C/Tutorial4/scripts/CMakeFiles/CMakeTmp'
/usr/bin/cmake -E cmake_progress_report /home/tyler/RPi1/DCS-RPi/OS_C/Tutorial4/scripts/CMakeFiles/CMakeTmp/CMakeFiles 1
Building C object CMakeFiles/cmTryCompileExec3040666376.dir/CMakeCCompilerABI.c.obj
/usr/bin/arm-none-eabi-gcc   -nostartfiles    -o CMakeFiles/cmTryCompileExec3040666376.dir/CMakeCCompilerABI.c.obj   -c /usr/share/cmake-2.8/Modules/CMakeCCompilerABI.c
Linking C executable cmTryCompileExec3040666376
/usr/bin/cmake -E cmake_link_script CMakeFiles/cmTryCompileExec3040666376.dir/link.txt --verbose=1
/usr/bin/arm-none-eabi-gcc  -nostartfiles   -v CMakeFiles/cmTryCompileExec3040666376.dir/CMakeCCompilerABI.c.obj  -o cmTryCompileExec3040666376   
Using built-in specs.
COLLECT_GCC=/usr/bin/arm-none-eabi-gcc
COLLECT_LTO_WRAPPER=/usr/lib/gcc/arm-none-eabi/4.8.2/lto-wrapper
Target: arm-none-eabi
Configured with: ../gcc-4.8.2/configure --build=x86_64-linux-gnu --prefix=/usr --includedir='/usr/lib/include' --mandir='/usr/lib/share/man' --infodir='/usr/lib/share/info' --sysconfdir=/etc --localstatedir=/var --libexecdir='/usr/lib/lib/gcc-arm-none-eabi' --disable-maintainer-mode --disable-dependency-tracking --enable-languages=c,c++ --prefix=/usr/lib --infodir=/usr/share/doc/gcc-arm-none-eabi/info --mandir=/usr/share/man --htmldir=/usr/share/doc/gcc-arm-none-eabi/html --pdfdir=/usr/share/doc/gcc-arm-none-eabi/pdf --bindir=/usr/bin --libexecdir=/usr/lib --libdir=/usr/lib --with-system-zlib --enable-multilib --disable-decimal-float --disable-libffi --disable-libgomp --disable-libmudflap --disable-libquadmath --disable-libssp --disable-libstdcxx-pch --disable-libstdc++-v3 --disable-nls --disable-shared --disable-threads --disable-tls --disable-plugin --build=x86_64-linux-gnu --host=x86_64-linux-gnu --target=arm-none-eabi --with-gnu-as --with-gnu-ld --with-headers=no --without-newlib --with-pkgversion=4.8.2-14ubuntu1+6 --without-included-gettext --with-multilib-list=armv6-m,armv7-m,armv7e-m,armv7-r CFLAGS='-g -O2 -fstack-protector --param=ssp-buffer-size=4 -Wformat' CPPFLAGS=-D_FORTIFY_SOURCE=2 CXXFLAGS='-g -O2 -fstack-protector --param=ssp-buffer-size=4 -Wformat' FFLAGS='-g -O2' LDFLAGS=-Wl,-z,relro AR_FOR_TARGET=arm-none-eabi-ar AS_FOR_TARGET=arm-none-eabi-as LD_FOR_TARGET=arm-none-eabi-ld NM_FOR_TARGET=arm-none-eabi-nm OBJDUMP_FOR_TARGET=arm-none-eabi-objdump RANLIB_FOR_TARGET=arm-none-eabi-ranlib READELF_FOR_TARGET=arm-none-eabi-readelf STRIP_FOR_TARGET=arm-none-eabi-strip
Thread model: single
gcc version 4.8.2 (4.8.2-14ubuntu1+6) 
COMPILER_PATH=/usr/lib/gcc/arm-none-eabi/4.8.2/:/usr/lib/gcc/arm-none-eabi/4.8.2/:/usr/lib/gcc/arm-none-eabi/:/usr/lib/gcc/arm-none-eabi/4.8.2/:/usr/lib/gcc/arm-none-eabi/:/usr/lib/gcc/arm-none-eabi/4.8.2/../../../arm-none-eabi/bin/
LIBRARY_PATH=/usr/lib/gcc/arm-none-eabi/4.8.2/:/usr/lib/gcc/arm-none-eabi/4.8.2/../../../arm-none-eabi/lib/
COLLECT_GCC_OPTIONS='-nostartfiles' '-v' '-o' 'cmTryCompileExec3040666376'
 /usr/lib/gcc/arm-none-eabi/4.8.2/collect2 -X -o cmTryCompileExec3040666376 -L/usr/lib/gcc/arm-none-eabi/4.8.2 -L/usr/lib/gcc/arm-none-eabi/4.8.2/../../../arm-none-eabi/lib CMakeFiles/cmTryCompileExec3040666376.dir/CMakeCCompilerABI.c.obj --start-group -lgcc -lc --end-group
/usr/lib/gcc/arm-none-eabi/4.8.2/../../../arm-none-eabi/bin/ld: warning: cannot find entry symbol _start; defaulting to 0000000000008000
make[1]: Leaving directory `/home/tyler/RPi1/DCS-RPi/OS_C/Tutorial4/scripts/CMakeFiles/CMakeTmp'


Parsed C implicit link information from above output:
  link line regex: [^( *|.*[/\])(arm-none-eabi-ld|([^/\]+-)?ld|collect2)[^/\]*( |$)]
  ignore line: [Change Dir: /home/tyler/RPi1/DCS-RPi/OS_C/Tutorial4/scripts/CMakeFiles/CMakeTmp]
  ignore line: []
  ignore line: [Run Build Command:/usr/bin/make "cmTryCompileExec3040666376/fast"]
  ignore line: [/usr/bin/make -f CMakeFiles/cmTryCompileExec3040666376.dir/build.make CMakeFiles/cmTryCompileExec3040666376.dir/build]
  ignore line: [make[1]: Entering directory `/home/tyler/RPi1/DCS-RPi/OS_C/Tutorial4/scripts/CMakeFiles/CMakeTmp']
  ignore line: [/usr/bin/cmake -E cmake_progress_report /home/tyler/RPi1/DCS-RPi/OS_C/Tutorial4/scripts/CMakeFiles/CMakeTmp/CMakeFiles 1]
  ignore line: [Building C object CMakeFiles/cmTryCompileExec3040666376.dir/CMakeCCompilerABI.c.obj]
  ignore line: [/usr/bin/arm-none-eabi-gcc   -nostartfiles    -o CMakeFiles/cmTryCompileExec3040666376.dir/CMakeCCompilerABI.c.obj   -c /usr/share/cmake-2.8/Modules/CMakeCCompilerABI.c]
  ignore line: [Linking C executable cmTryCompileExec3040666376]
  ignore line: [/usr/bin/cmake -E cmake_link_script CMakeFiles/cmTryCompileExec3040666376.dir/link.txt --verbose=1]
  ignore line: [/usr/bin/arm-none-eabi-gcc  -nostartfiles   -v CMakeFiles/cmTryCompileExec3040666376.dir/CMakeCCompilerABI.c.obj  -o cmTryCompileExec3040666376   ]
  ignore line: [Using built-in specs.]
  ignore line: [COLLECT_GCC=/usr/bin/arm-none-eabi-gcc]
  ignore line: [COLLECT_LTO_WRAPPER=/usr/lib/gcc/arm-none-eabi/4.8.2/lto-wrapper]
  ignore line: [Target: arm-none-eabi]
  ignore line: [Configured with: ../gcc-4.8.2/configure --build=x86_64-linux-gnu --prefix=/usr --includedir='/usr/lib/include' --mandir='/usr/lib/share/man' --infodir='/usr/lib/share/info' --sysconfdir=/etc --localstatedir=/var --libexecdir='/usr/lib/lib/gcc-arm-none-eabi' --disable-maintainer-mode --disable-dependency-tracking --enable-languages=c,c++ --prefix=/usr/lib --infodir=/usr/share/doc/gcc-arm-none-eabi/info --mandir=/usr/share/man --htmldir=/usr/share/doc/gcc-arm-none-eabi/html --pdfdir=/usr/share/doc/gcc-arm-none-eabi/pdf --bindir=/usr/bin --libexecdir=/usr/lib --libdir=/usr/lib --with-system-zlib --enable-multilib --disable-decimal-float --disable-libffi --disable-libgomp --disable-libmudflap --disable-libquadmath --disable-libssp --disable-libstdcxx-pch --disable-libstdc++-v3 --disable-nls --disable-shared --disable-threads --disable-tls --disable-plugin --build=x86_64-linux-gnu --host=x86_64-linux-gnu --target=arm-none-eabi --with-gnu-as --with-gnu-ld --with-headers=no --without-newlib --with-pkgversion=4.8.2-14ubuntu1+6 --without-included-gettext --with-multilib-list=armv6-m,armv7-m,armv7e-m,armv7-r CFLAGS='-g -O2 -fstack-protector --param=ssp-buffer-size=4 -Wformat' CPPFLAGS=-D_FORTIFY_SOURCE=2 CXXFLAGS='-g -O2 -fstack-protector --param=ssp-buffer-size=4 -Wformat' FFLAGS='-g -O2' LDFLAGS=-Wl,-z,relro AR_FOR_TARGET=arm-none-eabi-ar AS_FOR_TARGET=arm-none-eabi-as LD_FOR_TARGET=arm-none-eabi-ld NM_FOR_TARGET=arm-none-eabi-nm OBJDUMP_FOR_TARGET=arm-none-eabi-objdump RANLIB_FOR_TARGET=arm-none-eabi-ranlib READELF_FOR_TARGET=arm-none-eabi-readelf STRIP_FOR_TARGET=arm-none-eabi-strip]
  ignore line: [Thread model: single]
  ignore line: [gcc version 4.8.2 (4.8.2-14ubuntu1+6) ]
  ignore line: [COMPILER_PATH=/usr/lib/gcc/arm-none-eabi/4.8.2/:/usr/lib/gcc/arm-none-eabi/4.8.2/:/usr/lib/gcc/arm-none-eabi/:/usr/lib/gcc/arm-none-eabi/4.8.2/:/usr/lib/gcc/arm-none-eabi/:/usr/lib/gcc/arm-none-eabi/4.8.2/../../../arm-none-eabi/bin/]
  ignore line: [LIBRARY_PATH=/usr/lib/gcc/arm-none-eabi/4.8.2/:/usr/lib/gcc/arm-none-eabi/4.8.2/../../../arm-none-eabi/lib/]
  ignore line: [COLLECT_GCC_OPTIONS='-nostartfiles' '-v' '-o' 'cmTryCompileExec3040666376']
  link line: [ /usr/lib/gcc/arm-none-eabi/4.8.2/collect2 -X -o cmTryCompileExec3040666376 -L/usr/lib/gcc/arm-none-eabi/4.8.2 -L/usr/lib/gcc/arm-none-eabi/4.8.2/../../../arm-none-eabi/lib CMakeFiles/cmTryCompileExec3040666376.dir/CMakeCCompilerABI.c.obj --start-group -lgcc -lc --end-group]
    arg [/usr/lib/gcc/arm-none-eabi/4.8.2/collect2] ==> ignore
    arg [-X] ==> ignore
    arg [-o] ==> ignore
    arg [cmTryCompileExec3040666376] ==> ignore
    arg [-L/usr/lib/gcc/arm-none-eabi/4.8.2] ==> dir [/usr/lib/gcc/arm-none-eabi/4.8.2]
    arg [-L/usr/lib/gcc/arm-none-eabi/4.8.2/../../../arm-none-eabi/lib] ==> dir [/usr/lib/gcc/arm-none-eabi/4.8.2/../../../arm-none-eabi/lib]
    arg [CMakeFiles/cmTryCompileExec3040666376.dir/CMakeCCompilerABI.c.obj] ==> ignore
    arg [--start-group] ==> ignore
    arg [-lgcc] ==> lib [gcc]
    arg [-lc] ==> lib [c]
    arg [--end-group] ==> ignore
  remove lib [gcc]
  collapse library dir [/usr/lib/gcc/arm-none-eabi/4.8.2] ==> [/usr/lib/gcc/arm-none-eabi/4.8.2]
  collapse library dir [/usr/lib/gcc/arm-none-eabi/4.8.2/../../../arm-none-eabi/lib] ==> [/usr/lib/arm-none-eabi/lib]
  implicit libs: [c]
  implicit dirs: [/usr/lib/gcc/arm-none-eabi/4.8.2;/usr/lib/arm-none-eabi/lib]
  implicit fwks: []


